<?xml version="1.0" encoding="UTF-8"?>
<testsuite xmlns:xsi="http://www.w3.org/2001/XMLSchema-instance" xsi:noNamespaceSchemaLocation="https://maven.apache.org/surefire/maven-surefire-plugin/xsd/surefire-test-report.xsd" version="3.0.2" name="com.loyalty.service_engine.infrastructure.rabbitmq.CustomerTierSyncConsumerTest" time="0.085" tests="8" errors="0" skipped="0" failures="0" flakes="0">
  <properties>
[...]
</properties>
  <testcase name="handleUnknownType" classname="com.loyalty.service_engine.infrastructure.rabbitmq.CustomerTierSyncConsumerTest" time="0.011">
    <system-out><![CDATA[07:27:39.711 [main] WARN com.loyalty.service_engine.infrastructure.rabbitmq.CustomerTierSyncConsumer -- Unknown tier event type: UNKNOWN
]]></system-out>
  </testcase>
  <testcase name="handleNullTier" classname="com.loyalty.service_engine.infrastructure.rabbitmq.CustomerTierSyncConsumerTest" time="0.002">
    <system-out><![CDATA[07:27:39.715 [main] WARN com.loyalty.service_engine.infrastructure.rabbitmq.CustomerTierSyncConsumer -- Received null or incomplete tier sync event
]]></system-out>
  </testcase>
  <testcase name="handleDeletedNotFound" classname="com.loyalty.service_engine.infrastructure.rabbitmq.CustomerTierSyncConsumerTest" time="0.01">
    <system-out><![CDATA[07:27:39.725 [main] INFO com.loyalty.service_engine.infrastructure.rabbitmq.CustomerTierSyncConsumer -- Soft-deleting tier: uid=b7735d53-bba5-40aa-b5db-bed6864aabda
07:27:39.725 [main] WARN com.loyalty.service_engine.infrastructure.rabbitmq.CustomerTierSyncConsumer -- Tier not found for deletion: uid=b7735d53-bba5-40aa-b5db-bed6864aabda
07:27:39.725 [main] INFO com.loyalty.service_engine.infrastructure.rabbitmq.CustomerTierSyncConsumer -- Cache invalidated for ecommerce: 59bc7570-084c-48e4-9a69-80c2b75ed71a after DELETED event
]]></system-out>
  </testcase>
  <testcase name="handleUpdatedNotFound" classname="com.loyalty.service_engine.infrastructure.rabbitmq.CustomerTierSyncConsumerTest" time="0.014">
    <system-out><![CDATA[07:27:39.738 [main] INFO com.loyalty.service_engine.infrastructure.rabbitmq.CustomerTierSyncConsumer -- Updating tier: uid=6a588bed-381e-437a-9eb9-3f1a40c6fc9f, ecommerce=56ec7849-00a0-4a00-9bcb-88c505d9ac23
07:27:39.738 [main] WARN com.loyalty.service_engine.infrastructure.rabbitmq.CustomerTierSyncConsumer -- Tier not found for update: uid=6a588bed-381e-437a-9eb9-3f1a40c6fc9f
07:27:39.738 [main] INFO com.loyalty.service_engine.infrastructure.rabbitmq.CustomerTierSyncConsumer -- Creating tier: uid=6a588bed-381e-437a-9eb9-3f1a40c6fc9f, ecommerce=56ec7849-00a0-4a00-9bcb-88c505d9ac23, name=Gold
07:27:39.741 [main] INFO com.loyalty.service_engine.infrastructure.rabbitmq.CustomerTierSyncConsumer -- Tier created in replica: uid=6a588bed-381e-437a-9eb9-3f1a40c6fc9f
07:27:39.743 [main] INFO com.loyalty.service_engine.infrastructure.rabbitmq.CustomerTierSyncConsumer -- Cache invalidated for ecommerce: 56ec7849-00a0-4a00-9bcb-88c505d9ac23 after UPDATED event
]]></system-out>
  </testcase>
  <testcase name="handleDeletedExisting" classname="com.loyalty.service_engine.infrastructure.rabbitmq.CustomerTierSyncConsumerTest" time="0.007">
    <system-out><![CDATA[07:27:39.752 [main] INFO com.loyalty.service_engine.infrastructure.rabbitmq.CustomerTierSyncConsumer -- Soft-deleting tier: uid=19114ba4-3765-4fa4-93f5-4bea7e6660c5
07:27:39.752 [main] INFO com.loyalty.service_engine.infrastructure.rabbitmq.CustomerTierSyncConsumer -- Tier soft-deleted in replica: uid=19114ba4-3765-4fa4-93f5-4bea7e6660c5
07:27:39.752 [main] INFO com.loyalty.service_engine.infrastructure.rabbitmq.CustomerTierSyncConsumer -- Cache invalidated for ecommerce: 61dc58ad-1ba8-4eb3-9d96-03e2e651587c after DELETED event
]]></system-out>
  </testcase>
  <testcase name="handleUpdatedExisting" classname="com.loyalty.service_engine.infrastructure.rabbitmq.CustomerTierSyncConsumerTest" time="0.01">
    <system-out><![CDATA[07:27:39.763 [main] INFO com.loyalty.service_engine.infrastructure.rabbitmq.CustomerTierSyncConsumer -- Updating tier: uid=482a4a1c-0210-4a86-917c-6c8743e94297, ecommerce=76bfb4b7-537f-4866-b636-79f9584c3986
07:27:39.763 [main] INFO com.loyalty.service_engine.infrastructure.rabbitmq.CustomerTierSyncConsumer -- Tier updated in replica: uid=482a4a1c-0210-4a86-917c-6c8743e94297
07:27:39.763 [main] INFO com.loyalty.service_engine.infrastructure.rabbitmq.CustomerTierSyncConsumer -- Cache invalidated for ecommerce: 76bfb4b7-537f-4866-b636-79f9584c3986 after UPDATED event
]]></system-out>
  </testcase>
  <testcase name="handleCreated" classname="com.loyalty.service_engine.infrastructure.rabbitmq.CustomerTierSyncConsumerTest" time="0.009">
    <system-out><![CDATA[07:27:39.771 [main] INFO com.loyalty.service_engine.infrastructure.rabbitmq.CustomerTierSyncConsumer -- Creating tier: uid=1ee3b27f-267c-4186-8504-4efb7e0d7b04, ecommerce=3a24dff0-2394-4587-a61c-c728d3a9536d, name=Gold
07:27:39.773 [main] INFO com.loyalty.service_engine.infrastructure.rabbitmq.CustomerTierSyncConsumer -- Tier created in replica: uid=1ee3b27f-267c-4186-8504-4efb7e0d7b04
07:27:39.773 [main] INFO com.loyalty.service_engine.infrastructure.rabbitmq.CustomerTierSyncConsumer -- Cache invalidated for ecommerce: 3a24dff0-2394-4587-a61c-c728d3a9536d after CREATED event
]]></system-out>
  </testcase>
  <testcase name="handleNull" classname="com.loyalty.service_engine.infrastructure.rabbitmq.CustomerTierSyncConsumerTest" time="0.007">
    <system-out><![CDATA[07:27:39.780 [main] WARN com.loyalty.service_engine.infrastructure.rabbitmq.CustomerTierSyncConsumer -- Received null or incomplete tier sync event
]]></system-out>
  </testcase>
</testsuite>