<?xml version="1.0" encoding="UTF-8"?>
<testsuite xmlns:xsi="http://www.w3.org/2001/XMLSchema-instance" xsi:noNamespaceSchemaLocation="https://maven.apache.org/surefire/maven-surefire-plugin/xsd/surefire-test-report.xsd" version="3.0.2" name="com.loyalty.service_engine.application.service.DiscountCalculationServiceV2Test" time="0.841" tests="18" errors="0" skipped="0" failures="0" flakes="0">
  <properties>
[...]
</properties>
  <testcase name="shouldFallbackToUnclassifiedOnError" classname="Calculation Tests" time="0.466">
    <system-out><![CDATA[07:27:29.738 [main] INFO com.loyalty.service_engine.application.service.DiscountCalculationServiceV2 -- Starting cart calculation: ecommerceId=c3a22126-aacb-48d2-a640-fb3b1240bc8a, externalOrderId=ORDER-001
07:27:29.749 [main] WARN com.loyalty.service_engine.application.service.DiscountCalculationServiceV2 -- Customer classification unavailable for ecommerceId=c3a22126-aacb-48d2-a640-fb3b1240bc8a. Fallback tier used.
java.lang.RuntimeException: Cache error
	at com.loyalty.service_engine.application.service.FidelityClassificationService.classify(FidelityClassificationService.java:54)
	at com.loyalty.service_engine.application.service.DiscountCalculationServiceV2.classifyCustomer(DiscountCalculationServiceV2.java:126)
	at com.loyalty.service_engine.application.service.DiscountCalculationServiceV2.calculate(DiscountCalculationServiceV2.java:50)
	at com.loyalty.service_engine.application.service.DiscountCalculationServiceV2Test$CalculationTests.shouldFallbackToUnclassifiedOnError(DiscountCalculationServiceV2Test.java:343)
	at java.base/jdk.internal.reflect.DirectMethodHandleAccessor.invoke(DirectMethodHandleAccessor.java:103)
	at java.base/java.lang.reflect.Method.invoke(Method.java:580)
	at org.junit.platform.commons.util.ReflectionUtils.invokeMethod(ReflectionUtils.java:775)
	at org.junit.platform.commons.support.ReflectionSupport.invokeMethod(ReflectionSupport.java:479)
	at org.junit.jupiter.engine.execution.MethodInvocation.proceed(MethodInvocation.java:60)
	at org.junit.jupiter.engine.execution.InvocationInterceptorChain$ValidatingInvocation.proceed(InvocationInterceptorChain.java:131)
	at org.junit.jupiter.engine.extension.TimeoutExtension.intercept(TimeoutExtension.java:161)
	at org.junit.jupiter.engine.extension.TimeoutExtension.interceptTestableMethod(TimeoutExtension.java:152)
	at org.junit.jupiter.engine.extension.TimeoutExtension.interceptTestMethod(TimeoutExtension.java:91)
	at org.junit.jupiter.engine.execution.InterceptingExecutableInvoker$ReflectiveInterceptorCall.lambda$ofVoidMethod$0(InterceptingExecutableInvoker.java:112)
	at org.junit.jupiter.engine.execution.InterceptingExecutableInvoker.lambda$invoke$0(InterceptingExecutableInvoker.java:94)
	at org.junit.jupiter.engine.execution.InvocationInterceptorChain$InterceptedInvocation.proceed(InvocationInterceptorChain.java:106)
	at org.junit.jupiter.engine.execution.InvocationInterceptorChain.proceed(InvocationInterceptorChain.java:64)
	at org.junit.jupiter.engine.execution.InvocationInterceptorChain.chainAndInvoke(InvocationInterceptorChain.java:45)
	at org.junit.jupiter.engine.execution.InvocationInterceptorChain.invoke(InvocationInterceptorChain.java:37)
	at org.junit.jupiter.engine.execution.InterceptingExecutableInvoker.invoke(InterceptingExecutableInvoker.java:93)
	at org.junit.jupiter.engine.execution.InterceptingExecutableInvoker.invoke(InterceptingExecutableInvoker.java:87)
	at org.junit.jupiter.engine.descriptor.TestMethodTestDescriptor.lambda$invokeTestMethod$7(TestMethodTestDescriptor.java:216)
	at org.junit.platform.engine.support.hierarchical.ThrowableCollector.execute(ThrowableCollector.java:73)
	at org.junit.jupiter.engine.descriptor.TestMethodTestDescriptor.invokeTestMethod(TestMethodTestDescriptor.java:212)
	at org.junit.jupiter.engine.descriptor.TestMethodTestDescriptor.execute(TestMethodTestDescriptor.java:137)
	at org.junit.jupiter.engine.descriptor.TestMethodTestDescriptor.execute(TestMethodTestDescriptor.java:69)
	at org.junit.platform.engine.support.hierarchical.NodeTestTask.lambda$executeRecursively$6(NodeTestTask.java:156)
	at org.junit.platform.engine.support.hierarchical.ThrowableCollector.execute(ThrowableCollector.java:73)
	at org.junit.platform.engine.support.hierarchical.NodeTestTask.lambda$executeRecursively$8(NodeTestTask.java:146)
	at org.junit.platform.engine.support.hierarchical.Node.around(Node.java:137)
	at org.junit.platform.engine.support.hierarchical.NodeTestTask.lambda$executeRecursively$9(NodeTestTask.java:144)
	at org.junit.platform.engine.support.hierarchical.ThrowableCollector.execute(ThrowableCollector.java:73)
	at org.junit.platform.engine.support.hierarchical.NodeTestTask.executeRecursively(NodeTestTask.java:143)
	at org.junit.platform.engine.support.hierarchical.NodeTestTask.execute(NodeTestTask.java:100)
	at java.base/java.util.ArrayList.forEach(ArrayList.java:1596)
	at org.junit.platform.engine.support.hierarchical.SameThreadHierarchicalTestExecutorService.invokeAll(SameThreadHierarchicalTestExecutorService.java:41)
	at org.junit.platform.engine.support.hierarchical.NodeTestTask.lambda$executeRecursively$6(NodeTestTask.java:160)
	at org.junit.platform.engine.support.hierarchical.ThrowableCollector.execute(ThrowableCollector.java:73)
	at org.junit.platform.engine.support.hierarchical.NodeTestTask.lambda$executeRecursively$8(NodeTestTask.java:146)
	at org.junit.platform.engine.support.hierarchical.Node.around(Node.java:137)
	at org.junit.platform.engine.support.hierarchical.NodeTestTask.lambda$executeRecursively$9(NodeTestTask.java:144)
	at org.junit.platform.engine.support.hierarchical.ThrowableCollector.execute(ThrowableCollector.java:73)
	at org.junit.platform.engine.support.hierarchical.NodeTestTask.executeRecursively(NodeTestTask.java:143)
	at org.junit.platform.engine.support.hierarchical.NodeTestTask.execute(NodeTestTask.java:100)
	at java.base/java.util.ArrayList.forEach(ArrayList.java:1596)
	at org.junit.platform.engine.support.hierarchical.SameThreadHierarchicalTestExecutorService.invokeAll(SameThreadHierarchicalTestExecutorService.java:41)
	at org.junit.platform.engine.support.hierarchical.NodeTestTask.lambda$executeRecursively$6(NodeTestTask.java:160)
	at org.junit.platform.engine.support.hierarchical.ThrowableCollector.execute(ThrowableCollector.java:73)
	at org.junit.platform.engine.support.hierarchical.NodeTestTask.lambda$executeRecursively$8(NodeTestTask.java:146)
	at org.junit.platform.engine.support.hierarchical.Node.around(Node.java:137)
	at org.junit.platform.engine.support.hierarchical.NodeTestTask.lambda$executeRecursively$9(NodeTestTask.java:144)
	at org.junit.platform.engine.support.hierarchical.ThrowableCollector.execute(ThrowableCollector.java:73)
	at org.junit.platform.engine.support.hierarchical.NodeTestTask.executeRecursively(NodeTestTask.java:143)
	at org.junit.platform.engine.support.hierarchical.NodeTestTask.execute(NodeTestTask.java:100)
	at java.base/java.util.ArrayList.forEach(ArrayList.java:1596)
	at org.junit.platform.engine.support.hierarchical.SameThreadHierarchicalTestExecutorService.invokeAll(SameThreadHierarchicalTestExecutorService.java:41)
	at org.junit.platform.engine.support.hierarchical.NodeTestTask.lambda$executeRecursively$6(NodeTestTask.java:160)
	at org.junit.platform.engine.support.hierarchical.ThrowableCollector.execute(ThrowableCollector.java:73)
	at org.junit.platform.engine.support.hierarchical.NodeTestTask.lambda$executeRecursively$8(NodeTestTask.java:146)
	at org.junit.platform.engine.support.hierarchical.Node.around(Node.java:137)
	at org.junit.platform.engine.support.hierarchical.NodeTestTask.lambda$executeRecursively$9(NodeTestTask.java:144)
	at org.junit.platform.engine.support.hierarchical.ThrowableCollector.execute(ThrowableCollector.java:73)
	at org.junit.platform.engine.support.hierarchical.NodeTestTask.executeRecursively(NodeTestTask.java:143)
	at org.junit.platform.engine.support.hierarchical.NodeTestTask.execute(NodeTestTask.java:100)
	at org.junit.platform.engine.support.hierarchical.SameThreadHierarchicalTestExecutorService.submit(SameThreadHierarchicalTestExecutorService.java:35)
	at org.junit.platform.engine.support.hierarchical.HierarchicalTestExecutor.execute(HierarchicalTestExecutor.java:57)
	at org.junit.platform.engine.support.hierarchical.HierarchicalTestEngine.execute(HierarchicalTestEngine.java:54)
	at org.junit.platform.launcher.core.EngineExecutionOrchestrator.execute(EngineExecutionOrchestrator.java:201)
	at org.junit.platform.launcher.core.EngineExecutionOrchestrator.execute(EngineExecutionOrchestrator.java:170)
	at org.junit.platform.launcher.core.EngineExecutionOrchestrator.execute(EngineExecutionOrchestrator.java:94)
	at org.junit.platform.launcher.core.EngineExecutionOrchestrator.lambda$execute$0(EngineExecutionOrchestrator.java:59)
	at org.junit.platform.launcher.core.EngineExecutionOrchestrator.withInterceptedStreams(EngineExecutionOrchestrator.java:142)
	at org.junit.platform.launcher.core.EngineExecutionOrchestrator.execute(EngineExecutionOrchestrator.java:58)
	at org.junit.platform.launcher.core.DefaultLauncher.execute(DefaultLauncher.java:103)
	at org.junit.platform.launcher.core.DefaultLauncher.execute(DefaultLauncher.java:85)
	at org.junit.platform.launcher.core.DelegatingLauncher.execute(DelegatingLauncher.java:47)
	at org.junit.platform.launcher.core.InterceptingLauncher.lambda$execute$1(InterceptingLauncher.java:39)
	at org.junit.platform.launcher.core.ClasspathAlignmentCheckingLauncherInterceptor.intercept(ClasspathAlignmentCheckingLauncherInterceptor.java:25)
	at org.junit.platform.launcher.core.InterceptingLauncher.execute(InterceptingLauncher.java:38)
	at org.junit.platform.launcher.core.DelegatingLauncher.execute(DelegatingLauncher.java:47)
	at org.apache.maven.surefire.junitplatform.LauncherAdapter.executeWithoutCancellationToken(LauncherAdapter.java:60)
	at org.apache.maven.surefire.junitplatform.LauncherAdapter.execute(LauncherAdapter.java:52)
	at org.apache.maven.surefire.junitplatform.JUnitPlatformProvider.execute(JUnitPlatformProvider.java:203)
	at org.apache.maven.surefire.junitplatform.JUnitPlatformProvider.invokeAllTests(JUnitPlatformProvider.java:168)
	at org.apache.maven.surefire.junitplatform.JUnitPlatformProvider.invoke(JUnitPlatformProvider.java:136)
	at org.apache.maven.surefire.booter.ForkedBooter.runSuitesInProcess(ForkedBooter.java:385)
	at org.apache.maven.surefire.booter.ForkedBooter.execute(ForkedBooter.java:162)
	at org.apache.maven.surefire.booter.ForkedBooter.run(ForkedBooter.java:507)
	at org.apache.maven.surefire.booter.ForkedBooter.main(ForkedBooter.java:495)
]]></system-out>
  </testcase>
  <testcase name="shouldCalculateWithNoRules" classname="Calculation Tests" time="0.024">
    <system-out><![CDATA[07:27:29.797 [main] INFO com.loyalty.service_engine.application.service.DiscountCalculationServiceV2 -- Starting cart calculation: ecommerceId=47f36e37-3c96-48d5-8e15-c9566bdd5678, externalOrderId=ORDER-001
]]></system-out>
  </testcase>
  <testcase name="shouldCalculateWithFixedAmountRule" classname="Calculation Tests" time="0.04">
    <system-out><![CDATA[07:27:29.815 [main] INFO com.loyalty.service_engine.application.service.DiscountCalculationServiceV2 -- Starting cart calculation: ecommerceId=f6bab8e3-2ef1-4982-aa90-1cf16fdf8e63, externalOrderId=ORDER-001
]]></system-out>
  </testcase>
  <testcase name="shouldHandleNoCachedRules" classname="Calculation Tests" time="0.016">
    <system-out><![CDATA[07:27:29.857 [main] INFO com.loyalty.service_engine.application.service.DiscountCalculationServiceV2 -- Starting cart calculation: ecommerceId=c0a3b20a-8a5e-4f89-a5d7-8aff205f2385, externalOrderId=ORDER-001
]]></system-out>
  </testcase>
  <testcase name="shouldCapToSubtotalWhenDiscountExceedsSubtotal" classname="Calculation Tests" time="0.017">
    <system-out><![CDATA[07:27:29.875 [main] INFO com.loyalty.service_engine.application.service.DiscountCalculationServiceV2 -- Starting cart calculation: ecommerceId=d551d83c-5bf2-487e-ae6b-96521432afab, externalOrderId=ORDER-001
]]></system-out>
  </testcase>
  <testcase name="shouldAllowZeroUnitPrice" classname="Calculation Tests" time="0.017">
    <system-out><![CDATA[07:27:29.888 [main] INFO com.loyalty.service_engine.application.service.DiscountCalculationServiceV2 -- Starting cart calculation: ecommerceId=83c58860-af47-4e41-93c6-a1cf51dc860f, externalOrderId=ORDER-001
]]></system-out>
  </testcase>
  <testcase name="shouldSelectExclusiveRule" classname="Calculation Tests" time="0.023">
    <system-out><![CDATA[07:27:29.911 [main] INFO com.loyalty.service_engine.application.service.DiscountCalculationServiceV2 -- Starting cart calculation: ecommerceId=b214788f-cb40-4ba6-b2d7-32cb25d2c7b4, externalOrderId=ORDER-001
]]></system-out>
  </testcase>
  <testcase name="shouldCalculateSubtotal" classname="Calculation Tests" time="0.016">
    <system-out><![CDATA[07:27:29.931 [main] INFO com.loyalty.service_engine.application.service.DiscountCalculationServiceV2 -- Starting cart calculation: ecommerceId=3052f6e3-0cf3-4744-8fbd-324d19268108, externalOrderId=ORDER-001
]]></system-out>
  </testcase>
  <testcase name="shouldApplyCapWhenExceedsMax" classname="Calculation Tests" time="0.014">
    <system-out><![CDATA[07:27:29.950 [main] INFO com.loyalty.service_engine.application.service.DiscountCalculationServiceV2 -- Starting cart calculation: ecommerceId=74170960-906f-4a16-aa1e-e08d18c55411, externalOrderId=ORDER-001
]]></system-out>
  </testcase>
  <testcase name="shouldCalculateWithPercentageRule" classname="Calculation Tests" time="0.018">
    <system-out><![CDATA[07:27:29.964 [main] INFO com.loyalty.service_engine.application.service.DiscountCalculationServiceV2 -- Starting cart calculation: ecommerceId=2dee18a8-f983-4638-87d5-2d43e3cd069d, externalOrderId=ORDER-001
]]></system-out>
  </testcase>
  <testcase name="shouldFilterInactiveRules" classname="Calculation Tests" time="0.017">
    <system-out><![CDATA[07:27:29.987 [main] INFO com.loyalty.service_engine.application.service.DiscountCalculationServiceV2 -- Starting cart calculation: ecommerceId=60eeb2be-b71a-473f-be96-44c6397c718b, externalOrderId=ORDER-001
]]></system-out>
  </testcase>
  <testcase name="shouldThrowWhenUnitPriceNull" classname="Validation Tests" time="0.021">
    <system-out><![CDATA[07:27:30.010 [main] INFO com.loyalty.service_engine.application.service.DiscountCalculationServiceV2 -- Starting cart calculation: ecommerceId=a0cf0fe3-a3b3-4fbc-95a5-8eaa4298810d, externalOrderId=ORDER-001
]]></system-out>
  </testcase>
  <testcase name="shouldThrowWhenItemsEmpty" classname="Validation Tests" time="0.012">
    <system-out><![CDATA[07:27:30.025 [main] INFO com.loyalty.service_engine.application.service.DiscountCalculationServiceV2 -- Starting cart calculation: ecommerceId=3da7d8e4-c73d-4583-9ee4-178d37410fec, externalOrderId=ORD-1
]]></system-out>
  </testcase>
  <testcase name="shouldThrowWhenItemsNull" classname="Validation Tests" time="0.024">
    <system-out><![CDATA[07:27:30.047 [main] INFO com.loyalty.service_engine.application.service.DiscountCalculationServiceV2 -- Starting cart calculation: ecommerceId=5f37bcf5-1dbc-41c8-9af0-f94f77e5d4f2, externalOrderId=ORD-1
]]></system-out>
  </testcase>
  <testcase name="shouldThrowWhenQuantityNegative" classname="Validation Tests" time="0.022">
    <system-out><![CDATA[07:27:30.075 [main] INFO com.loyalty.service_engine.application.service.DiscountCalculationServiceV2 -- Starting cart calculation: ecommerceId=3e1a5bb2-6cf7-4bb3-993d-90b628c132d1, externalOrderId=ORDER-001
]]></system-out>
  </testcase>
  <testcase name="shouldThrowWhenUnitPriceNegative" classname="Validation Tests" time="0.017">
    <system-out><![CDATA[07:27:30.098 [main] INFO com.loyalty.service_engine.application.service.DiscountCalculationServiceV2 -- Starting cart calculation: ecommerceId=52e4b2b6-11e5-4f9f-a760-c628c61e3d79, externalOrderId=ORDER-001
]]></system-out>
  </testcase>
  <testcase name="shouldThrowWhenQuantityNull" classname="Validation Tests" time="0.011">
    <system-out><![CDATA[07:27:30.113 [main] INFO com.loyalty.service_engine.application.service.DiscountCalculationServiceV2 -- Starting cart calculation: ecommerceId=0f9e2b3b-3d5d-46a5-9fb7-b93f74208ca5, externalOrderId=ORDER-001
]]></system-out>
  </testcase>
  <testcase name="shouldThrowWhenQuantityZero" classname="Validation Tests" time="0.025">
    <system-out><![CDATA[07:27:30.135 [main] INFO com.loyalty.service_engine.application.service.DiscountCalculationServiceV2 -- Starting cart calculation: ecommerceId=bb7fc590-002c-4f39-ab7d-0197788f2d15, externalOrderId=ORDER-001
]]></system-out>
  </testcase>
</testsuite>